{"C:\\Users\\Pablo\\Desktop\\programacion\\Proyectos\\Backend\\Javascript\\Borradores\\ecommerce\\src\\data\\model\\mongoose\\UserSchema.ts": {"path":"C:\\Users\\Pablo\\Desktop\\programacion\\Proyectos\\Backend\\Javascript\\Borradores\\ecommerce\\src\\data\\model\\mongoose\\UserSchema.ts","statementMap":{"0":{"start":{"line":1,"column":0},"end":{"line":1,"column":54}},"1":{"start":{"line":2,"column":0},"end":{"line":2,"column":51}},"2":{"start":{"line":5,"column":22},"end":{"line":5,"column":29}},"3":{"start":{"line":14,"column":19},"end":{"line":19,"column":2}},"4":{"start":{"line":22,"column":0},"end":{"line":22,"column":null}},"5":{"start":{"line":23,"column":18},"end":{"line":23,"column":66}},"6":{"start":{"line":25,"column":0},"end":{"line":25,"column":null}}},"fnMap":{},"branchMap":{},"s":{"0":1,"1":1,"2":1,"3":1,"4":1,"5":1,"6":1},"f":{},"b":{}}
}
